Command line:
   main_isim_beh.exe
     -simmode  gui
     -simrunnum  0
     -socket  50198

Mon Aug 20 19:00:14 2018


 Elaboration Time: 0.046875 sec

 Current Memory Usage: 5173.53 Meg

 Total Signals          : 16
 Total Nets             : 43
 Total Signal Drivers   : 6
 Total Blocks           : 2
 Total Primitive Blocks : 2
 Total Processes        : 8
 Total Traceable Variables  : 20
 Total Scalar Nets and Variables : 163
Total Line Count : 26

 Total Simulation Time: 0.0625 sec

 Current Memory Usage: 5173.53 Meg

Mon Aug 20 19:00:17 2018

