Release 14.7 - xst P.20131013 (lin64)
Copyright (c) 1995-2013 Xilinx, Inc.  All rights reserved.
--> 
Parameter TMPDIR set to xst/projnav.tmp


Total REAL time to Xst completion: 1.00 secs
Total CPU time to Xst completion: 0.08 secs
 
--> 
Parameter xsthdpdir set to xst


Total REAL time to Xst completion: 1.00 secs
Total CPU time to Xst completion: 0.08 secs
 
--> 
Reading design: main.prj

TABLE OF CONTENTS
  1) Synthesis Options Summary
  2) HDL Compilation
  3) Design Hierarchy Analysis
  4) HDL Analysis
  5) HDL Synthesis
     5.1) HDL Synthesis Report
  6) Advanced HDL Synthesis
     6.1) Advanced HDL Synthesis Report
  7) Low Level Synthesis
  8) Partition Report
  9) Final Report
	9.1) Device utilization summary
	9.2) Partition Resource Summary
	9.3) TIMING REPORT


=========================================================================
*                      Synthesis Options Summary                        *
=========================================================================
---- Source Parameters
Input File Name                    : "main.prj"
Input Format                       : mixed
Ignore Synthesis Constraint File   : NO

---- Target Parameters
Output File Name                   : "main"
Output Format                      : NGC
Target Device                      : xc3s100e-5-cp132

---- Source Options
Top Module Name                    : main
Automatic FSM Extraction           : YES
FSM Encoding Algorithm             : Auto
Safe Implementation                : No
FSM Style                          : LUT
RAM Extraction                     : Yes
RAM Style                          : Auto
ROM Extraction                     : Yes
Mux Style                          : Auto
Decoder Extraction                 : YES
Priority Encoder Extraction        : Yes
Shift Register Extraction          : YES
Logical Shifter Extraction         : YES
XOR Collapsing                     : YES
ROM Style                          : Auto
Mux Extraction                     : Yes
Resource Sharing                   : YES
Asynchronous To Synchronous        : NO
Multiplier Style                   : Auto
Automatic Register Balancing       : No

---- Target Options
Add IO Buffers                     : YES
Global Maximum Fanout              : 100000
Add Generic Clock Buffer(BUFG)     : 24
Register Duplication               : YES
Slice Packing                      : YES
Optimize Instantiated Primitives   : NO
Use Clock Enable                   : Yes
Use Synchronous Set                : Yes
Use Synchronous Reset              : Yes
Pack IO Registers into IOBs        : Auto
Equivalent register Removal        : YES

---- General Options
Optimization Goal                  : Speed
Optimization Effort                : 1
Keep Hierarchy                     : No
Netlist Hierarchy                  : As_Optimized
RTL Output                         : Yes
Global Optimization                : AllClockNets
Read Cores                         : YES
Write Timing Constraints           : NO
Cross Clock Analysis               : NO
Hierarchy Separator                : /
Bus Delimiter                      : <>
Case Specifier                     : Maintain
Slice Utilization Ratio            : 100
BRAM Utilization Ratio             : 100
Verilog 2001                       : YES
Auto BRAM Packing                  : NO
Slice Utilization Ratio Delta      : 5

=========================================================================


=========================================================================
*                          HDL Compilation                              *
=========================================================================
Compiling verilog file "main.v" in library work
Module <main> compiled
No errors in compilation
Analysis of file <"main.prj"> succeeded.
 

=========================================================================
*                     Design Hierarchy Analysis                         *
=========================================================================
Analyzing hierarchy for module <main> in library <work> with parameters.
	bits = "00000000000000000000000000001000"


=========================================================================
*                            HDL Analysis                               *
=========================================================================
Analyzing top module <main>.
	bits = 32'sb00000000000000000000000000001000
Module <main> is correct for synthesis.
 

=========================================================================
*                           HDL Synthesis                               *
=========================================================================

Performing bidirectional port resolution...

Synthesizing Unit <main>.
    Related source file is "main.v".
    Found 8-bit addsub for signal <out$addsub0000>.
    Found 8-bit shifter logical right for signal <out$shift0001> created at line 42.
    Found 8-bit xor2 for signal <out$xor0000> created at line 40.
    Summary:
	inferred   1 Adder/Subtractor(s).
	inferred   1 Combinational logic shifter(s).
Unit <main> synthesized.

INFO:Xst:1767 - HDL ADVISOR - Resource sharing has identified that some arithmetic operations in this design can share the same physical resources for reduced device utilization. For improved clock frequency you may try to disable resource sharing.

=========================================================================
HDL Synthesis Report

Macro Statistics
# Adders/Subtractors                                   : 1
 8-bit addsub                                          : 1
# Logic shifters                                       : 1
 8-bit shifter logical right                           : 1
# Xors                                                 : 1
 8-bit xor2                                            : 1

=========================================================================

=========================================================================
*                       Advanced HDL Synthesis                          *
=========================================================================


=========================================================================
Advanced HDL Synthesis Report

Macro Statistics
# Adders/Subtractors                                   : 1
 8-bit addsub                                          : 1
# Logic shifters                                       : 1
 8-bit shifter logical right                           : 1
# Xors                                                 : 1
 8-bit xor2                                            : 1

=========================================================================

=========================================================================
*                         Low Level Synthesis                           *
=========================================================================

Optimizing unit <main> ...

Mapping all equations...
Building and optimizing final netlist ...
Found area constraint ratio of 100 (+ 5) on block main, actual ratio is 3.

Final Macro Processing ...

=========================================================================
Final Register Report

Found no macro
=========================================================================

=========================================================================
*                           Partition Report                            *
=========================================================================

Partition Implementation Status
-------------------------------

  No Partitions were found in this design.

-------------------------------

=========================================================================
*                            Final Report                               *
=========================================================================
Final Results
RTL Top Level Output File Name     : main.ngr
Top Level Output File Name         : main
Output Format                      : NGC
Optimization Goal                  : Speed
Keep Hierarchy                     : No

Design Statistics
# IOs                              : 30

Cell Usage :
# BELS                             : 82
#      GND                         : 1
#      LUT2                        : 4
#      LUT3                        : 19
#      LUT4                        : 35
#      MUXCY                       : 7
#      MUXF5                       : 8
#      XORCY                       : 8
# IO Buffers                       : 30
#      IBUF                        : 22
#      OBUF                        : 8
=========================================================================

Device utilization summary:
---------------------------

Selected Device : 3s100ecp132-5 

 Number of Slices:                       33  out of    960     3%  
 Number of 4 input LUTs:                 58  out of   1920     3%  
 Number of IOs:                          30
 Number of bonded IOBs:                  30  out of     83    36%  

---------------------------
Partition Resource Summary:
---------------------------

  No Partitions were found in this design.

---------------------------


=========================================================================
TIMING REPORT

NOTE: THESE TIMING NUMBERS ARE ONLY A SYNTHESIS ESTIMATE.
      FOR ACCURATE TIMING INFORMATION PLEASE REFER TO THE TRACE REPORT
      GENERATED AFTER PLACE-and-ROUTE.

Clock Information:
------------------
No clock signals found in this design

Asynchronous Control Signals Information:
----------------------------------------
No asynchronous control signals found in this design

Timing Summary:
---------------
Speed Grade: -5

   Minimum period: No path found
   Minimum input arrival time before clock: No path found
   Maximum output required time after clock: No path found
   Maximum combinational path delay: 12.373ns

Timing Detail:
--------------
All values displayed in nanoseconds (ns)

=========================================================================
Timing constraint: Default path analysis
  Total number of paths / destination ports: 620 / 8
-------------------------------------------------------------------------
Delay:               12.373ns (Levels of Logic = 15)
  Source:            Op<0> (PAD)
  Destination:       out<6> (PAD)

  Data Path: Op<0> to out<6>
                                Gate     Net
    Cell:in->out      fanout   Delay   Delay  Logical Name (Net Name)
    ----------------------------------------  ------------
     IBUF:I->O            18   1.106   0.938  Op_0_IBUF (Op_0_IBUF)
     LUT3:I2->O            1   0.612   0.509  out_mux0000_SW0 (N25)
     LUT4:I0->O            9   0.612   0.727  out_mux0000 (out_mux0000)
     LUT3:I2->O            1   0.612   0.000  Maddsub_out_addsub0000_lut<0> (Maddsub_out_addsub0000_lut<0>)
     MUXCY:S->O            1   0.404   0.000  Maddsub_out_addsub0000_cy<0> (Maddsub_out_addsub0000_cy<0>)
     MUXCY:CI->O           1   0.051   0.000  Maddsub_out_addsub0000_cy<1> (Maddsub_out_addsub0000_cy<1>)
     MUXCY:CI->O           1   0.051   0.000  Maddsub_out_addsub0000_cy<2> (Maddsub_out_addsub0000_cy<2>)
     MUXCY:CI->O           1   0.051   0.000  Maddsub_out_addsub0000_cy<3> (Maddsub_out_addsub0000_cy<3>)
     MUXCY:CI->O           1   0.051   0.000  Maddsub_out_addsub0000_cy<4> (Maddsub_out_addsub0000_cy<4>)
     MUXCY:CI->O           1   0.051   0.000  Maddsub_out_addsub0000_cy<5> (Maddsub_out_addsub0000_cy<5>)
     XORCY:CI->O           1   0.699   0.509  Maddsub_out_addsub0000_xor<6> (out_addsub0000<6>)
     LUT2:I0->O            1   0.612   0.000  out<6>1092 (out<6>1092)
     MUXF5:I0->O           1   0.278   0.360  out<6>109_f5 (out<6>109)
     LUT4:I3->O            1   0.612   0.357  out<6>154 (out_6_OBUF)
     OBUF:I->O                 3.169          out_6_OBUF (out<6>)
    ----------------------------------------
    Total                     12.373ns (8.973ns logic, 3.400ns route)
                                       (72.5% logic, 27.5% route)

=========================================================================


Total REAL time to Xst completion: 6.00 secs
Total CPU time to Xst completion: 4.56 secs
 
--> 


Total memory usage is 514636 kilobytes

Number of errors   :    0 (   0 filtered)
Number of warnings :    0 (   0 filtered)
Number of infos    :    1 (   0 filtered)

