#-----------------------------------------------------------
# PlanAhead v14.7 (64-bit)
# Build 321239 by xbuild on Fri Sep 27 19:24:36 MDT 2013
# Start of session at: Wed Aug 22 17:16:37 2018
# Process ID: 5316
# Log file: /home/guilletrejo/Facu/ARQ_TP1_ALU/planAhead_run_3/planAhead.log
# Journal file: /home/guilletrejo/Facu/ARQ_TP1_ALU/planAhead_run_3/planAhead.jou
#-----------------------------------------------------------
INFO: [Common 17-78] Attempting to get a license: PlanAhead
WARNING: [Common 17-301] Failed to get a license: PlanAhead
INFO: [Device 21-36] Loading parts and site information from /opt/Xilinx2/14.7/ISE_DS/PlanAhead/data/parts/arch.xml
Parsing RTL primitives file [/opt/Xilinx2/14.7/ISE_DS/PlanAhead/data/parts/xilinx/rtl/prims/rtl_prims.xml]
Finished parsing RTL primitives file [/opt/Xilinx2/14.7/ISE_DS/PlanAhead/data/parts/xilinx/rtl/prims/rtl_prims.xml]
start_gui
INFO: [Common 17-78] Attempting to get a license: PlanAhead
WARNING: [Common 17-301] Failed to get a license: PlanAhead
source /home/guilletrejo/Facu/ARQ_TP1_ALU/pa.fromHdl.tcl
# create_project -name ARQ_TP1_ALU -dir "/home/guilletrejo/Facu/ARQ_TP1_ALU/planAhead_run_3" -part xc3s100ecp132-5
# set_param project.pinAheadLayout yes
# set srcset [get_property srcset [current_run -impl]]
# set_property target_constrs_file "main.ucf" [current_fileset -constrset]
Adding file '/home/guilletrejo/Facu/ARQ_TP1_ALU/main.ucf' to fileset 'constrs_1'
# set hdlfile [add_files [list {main.v}]]
# set_property file_type Verilog $hdlfile
# set_property library work $hdlfile
# set_property top main $srcset
# add_files [list {main.ucf}] -fileset [get_property constrset [current_run]]
# open_rtl_design -part xc3s100ecp132-5
Using Verific elaboration
Parsing VHDL file "/opt/Xilinx2/14.7/ISE_DS/PlanAhead/data/parts/xilinx/rtl/lib/synplify/synattr.vhd" into library synplify
Analyzing Verilog file "/home/guilletrejo/Facu/ARQ_TP1_ALU/main.v" into library work
INFO: [Designutils 20-910] Reading macro library /opt/Xilinx2/14.7/ISE_DS/PlanAhead/data/./parts/xilinx/spartan3e/spartan3e/hd_int_macros.edn
Parsing EDIF File [/opt/Xilinx2/14.7/ISE_DS/PlanAhead/data/./parts/xilinx/spartan3e/spartan3e/hd_int_macros.edn]
Finished Parsing EDIF File [/opt/Xilinx2/14.7/ISE_DS/PlanAhead/data/./parts/xilinx/spartan3e/spartan3e/hd_int_macros.edn]
Loading clock regions from /opt/Xilinx2/14.7/ISE_DS/PlanAhead/data/parts/xilinx/spartan3e/spartan3e/xc3s100e/ClockRegion.xml
Loading clock buffers from /opt/Xilinx2/14.7/ISE_DS/PlanAhead/data/parts/xilinx/spartan3e/spartan3e/xc3s100e/ClockBuffers.xml
Loading package from /opt/Xilinx2/14.7/ISE_DS/PlanAhead/data/parts/xilinx/spartan3e/spartan3e/xc3s100e/cp132/Package.xml
Loading io standards from /opt/Xilinx2/14.7/ISE_DS/PlanAhead/data/./parts/xilinx/spartan3e/IOStandards.xml
INFO: [Device 21-19] Loading pkg sso from /opt/Xilinx2/14.7/ISE_DS/PlanAhead/data/parts/xilinx/spartan3e/spartan3e/xc3s100e/cp132/SSORules.xml
Loading list of drcs for the architecture : /opt/Xilinx2/14.7/ISE_DS/PlanAhead/data/./parts/xilinx/spartan3e/spartan3e/drc.xml
INFO: [Timing 38-77] Reading timing library /opt/Xilinx2/14.7/ISE_DS/PlanAhead/data/parts/xilinx/spartan3e/spartan3e/spartan3e-5.lib.
INFO: [Timing 38-34] Done reading timing library /opt/Xilinx2/14.7/ISE_DS/PlanAhead/data/parts/xilinx/spartan3e/spartan3e/spartan3e-5.lib.
Parsing UCF File [/home/guilletrejo/Facu/ARQ_TP1_ALU/main.ucf]
Finished Parsing UCF File [/home/guilletrejo/Facu/ARQ_TP1_ALU/main.ucf]
INFO: [Project 1-111] Unisim Transformation Summary:
No Unisim elements were transformed.

Phase 0 | Netlist Checksum: 130ec12c
update_compile_order -fileset sim_1
INFO: [Common 17-78] Attempting to get a license: PlanAhead
WARNING: [Common 17-301] Failed to get a license: PlanAhead
INFO: [Common 17-78] Attempting to get a license: PlanAhead
WARNING: [Common 17-301] Failed to get a license: PlanAhead
