Command line:
   main_tb_isim_beh.exe
     -simmode  gui
     -simrunnum  0
     -socket  50445

Mon Aug 20 19:15:29 2018


 Elaboration Time: 0.046875 sec

 Current Memory Usage: 5173.59 Meg

 Total Signals          : 17
 Total Nets             : 43
 Total Signal Drivers   : 9
 Total Blocks           : 3
 Total Primitive Blocks : 2
 Total Processes        : 12
 Total Traceable Variables  : 24
 Total Scalar Nets and Variables : 217
Total Line Count : 38

 Total Simulation Time: 0.0625 sec

 Current Memory Usage: 5173.59 Meg

Mon Aug 20 19:15:37 2018

